<?xml version="1.0" encoding="UTF-8"?>
<testng-results ignored="0" total="1" passed="1" failed="0" skipped="0">
  <reporter-output>
    <line>
      <![CDATA[Testing]]>
    </line>
  </reporter-output>
  <suite started-at="2021-12-07T11:14:13 IST" name="Default suite" finished-at="2021-12-07T11:14:13 IST" duration-ms="66">
    <groups>
    </groups>
    <test started-at="2021-12-07T11:14:13 IST" name="Default test" finished-at="2021-12-07T11:14:13 IST" duration-ms="66">
      <class name="_1_Scripts.TestingGithubCommit">
        <test-method signature="Testin()[pri:0, instance:_1_Scripts.TestingGithubCommit@73ee04c8]" started-at="2021-12-07T11:14:13 IST" name="Testin" finished-at="2021-12-07T11:14:13 IST" duration-ms="13" status="PASS">
          <reporter-output>
            <line>
              <![CDATA[Testing]]>
            </line>
          </reporter-output>
        </test-method> <!-- Testin -->
      </class> <!-- _1_Scripts.TestingGithubCommit -->
    </test> <!-- Default test -->
  </suite> <!-- Default suite -->
</testng-results>
